<?xml version="1.0" encoding="UTF-8"?>
<!-- Generated by org.testng.reporters.JUnitReportReporter -->
<testsuite name="com.hackthonproject.Sigin.Signin" tests="5" time="76.571" ignored="0" failures="0" timestamp="11 Jan 2022 12:06:40 GMT" skipped="0" hostname="LT103164" errors="0">
  <testcase name="continuewithGoogle" time="0.807" classname="com.hackthonproject.Sigin.Signin"/>
  <testcase name="selectCity" time="1.500" classname="com.hackthonproject.Sigin.Signin"/>
  <testcase name="openURL" time="42.636" classname="com.hackthonproject.Sigin.Signin"/>
  <testcase name="signinBtn" time="4.010" classname="com.hackthonproject.Sigin.Signin"/>
  <testcase name="sendDetails" time="27.618" classname="com.hackthonproject.Sigin.Signin"/>
</testsuite> <!-- com.hackthonproject.Sigin.Signin -->
