<?xml version="1.0" encoding="UTF-8"?>
<!-- Generated by org.testng.reporters.JUnitReportReporter -->
<testsuite name="com.hackthonproject.Sigin.SignInpage" tests="5" time="18.302" ignored="0" failures="0" timestamp="12 Jan 2022 05:19:36 GMT" skipped="0" hostname="LT103164" errors="0">
  <testcase name="continuewithGoogle" time="0.307" classname="com.hackthonproject.Sigin.SignInpage"/>
  <testcase name="selectCity" time="0.920" classname="com.hackthonproject.Sigin.SignInpage"/>
  <testcase name="sendDetails" time="7.102" classname="com.hackthonproject.Sigin.SignInpage"/>
  <testcase name="openURL" time="6.600" classname="com.hackthonproject.Sigin.SignInpage"/>
  <testcase name="signinBtn" time="3.373" classname="com.hackthonproject.Sigin.SignInpage"/>
</testsuite> <!-- com.hackthonproject.Sigin.SignInpage -->
